<?xml version="1.0" encoding="UTF-8"?>
<!-- Generated by org.testng.reporters.JUnitReportReporter -->
<testsuite hostname="LAPTOP-O6UDEKEP" failures="0" tests="113" name="com.telemarket.test.DistributeDataTest" time="0.027" errors="1" timestamp="2022-07-13T09:49:20 ICT" skipped="112">
  <testcase classname="com.telemarket.test.DistributeDataTest" name="cekSession" time="0.000">
    <error type="java.lang.NullPointerException">
      <![CDATA[java.lang.NullPointerException
at com.telemarket.test.DistributeDataTest.cekSession(DistributeDataTest.java:51)
at java.base/jdk.internal.reflect.NativeMethodAccessorImpl.invoke0(Native Method)
at java.base/jdk.internal.reflect.NativeMethodAccessorImpl.invoke(NativeMethodAccessorImpl.java:62)
at java.base/jdk.internal.reflect.DelegatingMethodAccessorImpl.invoke(DelegatingMethodAccessorImpl.java:43)
at java.base/java.lang.reflect.Method.invoke(Method.java:566)
at org.testng.internal.invokers.MethodInvocationHelper.invokeMethod(MethodInvocationHelper.java:139)
at org.testng.internal.invokers.MethodInvocationHelper.invokeMethodConsideringTimeout(MethodInvocationHelper.java:69)
at org.testng.internal.invokers.ConfigInvoker.invokeConfigurationMethod(ConfigInvoker.java:361)
at org.testng.internal.invokers.ConfigInvoker.invokeConfigurations(ConfigInvoker.java:296)
at org.testng.internal.invokers.TestInvoker.runConfigMethods(TestInvoker.java:816)
at org.testng.internal.invokers.TestInvoker.invokeMethod(TestInvoker.java:590)
at org.testng.internal.invokers.TestInvoker.invokeTestMethod(TestInvoker.java:221)
at org.testng.internal.invokers.MethodRunner.runInSequence(MethodRunner.java:50)
at org.testng.internal.invokers.TestInvoker$MethodInvocationAgent.invoke(TestInvoker.java:962)
at org.testng.internal.invokers.TestInvoker.invokeTestMethods(TestInvoker.java:194)
at org.testng.internal.invokers.TestMethodWorker.invokeTestMethods(TestMethodWorker.java:148)
at org.testng.internal.invokers.TestMethodWorker.run(TestMethodWorker.java:128)
at java.base/java.util.ArrayList.forEach(ArrayList.java:1541)
at org.testng.TestRunner.privateRun(TestRunner.java:806)
at org.testng.TestRunner.run(TestRunner.java:601)
at org.testng.SuiteRunner.runTest(SuiteRunner.java:433)
at org.testng.SuiteRunner.runSequentially(SuiteRunner.java:427)
at org.testng.SuiteRunner.privateRun(SuiteRunner.java:387)
at org.testng.SuiteRunner.run(SuiteRunner.java:330)
at org.testng.SuiteRunnerWorker.runSuite(SuiteRunnerWorker.java:52)
at org.testng.SuiteRunnerWorker.run(SuiteRunnerWorker.java:95)
at org.testng.TestNG.runSuitesSequentially(TestNG.java:1256)
at org.testng.TestNG.runSuitesLocally(TestNG.java:1176)
at org.testng.TestNG.runSuites(TestNG.java:1099)
at org.testng.TestNG.run(TestNG.java:1067)
at org.testng.remote.AbstractRemoteTestNG.run(AbstractRemoteTestNG.java:115)
at org.testng.remote.RemoteTestNG.initAndRun(RemoteTestNG.java:251)
at org.testng.remote.RemoteTestNG.main(RemoteTestNG.java:77)
]]>
    </error>
  </testcase> <!-- cekSession -->
  <system-out/>
  <testcase classname="com.telemarket.test.DistributeDataTest" name="clickOneStatusOneAgent" time="0.000">
    <skipped/>
  </testcase> <!-- clickOneStatusOneAgent -->
  <system-out/>
  <testcase classname="com.telemarket.test.DistributeDataTest" name="clickStatusNullOneAgent" time="0.000">
    <skipped/>
  </testcase> <!-- clickStatusNullOneAgent -->
  <system-out/>
  <testcase classname="com.telemarket.test.DistributeDataTest" name="clickStatusNewBuketDataNull" time="0.000">
    <skipped/>
  </testcase> <!-- clickStatusNewBuketDataNull -->
  <system-out/>
  <testcase classname="com.telemarket.test.DistributeDataTest" name="clickStatusNewWithTwoBuketData" time="0.001">
    <skipped/>
  </testcase> <!-- clickStatusNewWithTwoBuketData -->
  <system-out/>
  <testcase classname="com.telemarket.test.DistributeDataTest" name="clickStatusNewWithThreeBuketData" time="0.000">
    <skipped/>
  </testcase> <!-- clickStatusNewWithThreeBuketData -->
  <system-out/>
  <testcase classname="com.telemarket.test.DistributeDataTest" name="clickStatusAgreeWithNullBuketData" time="0.000">
    <skipped/>
  </testcase> <!-- clickStatusAgreeWithNullBuketData -->
  <system-out/>
  <testcase classname="com.telemarket.test.DistributeDataTest" name="clickStatusAgreeWithOneBuketData" time="0.000">
    <skipped/>
  </testcase> <!-- clickStatusAgreeWithOneBuketData -->
  <system-out/>
  <testcase classname="com.telemarket.test.DistributeDataTest" name="clickStatusAgreeWithTwoBuketData" time="0.000">
    <skipped/>
  </testcase> <!-- clickStatusAgreeWithTwoBuketData -->
  <system-out/>
  <testcase classname="com.telemarket.test.DistributeDataTest" name="clickStatusAgreeWithThreeBuketData" time="0.001">
    <skipped/>
  </testcase> <!-- clickStatusAgreeWithThreeBuketData -->
  <system-out/>
  <testcase classname="com.telemarket.test.DistributeDataTest" name="clickStatusBerhasilWithBuketDataNull" time="0.000">
    <skipped/>
  </testcase> <!-- clickStatusBerhasilWithBuketDataNull -->
  <system-out/>
  <testcase classname="com.telemarket.test.DistributeDataTest" name="clickStatusBerhasilWithOneBuketData" time="0.001">
    <skipped/>
  </testcase> <!-- clickStatusBerhasilWithOneBuketData -->
  <system-out/>
  <testcase classname="com.telemarket.test.DistributeDataTest" name="clickStatusBerhasilWithTwoBuketData" time="0.000">
    <skipped/>
  </testcase> <!-- clickStatusBerhasilWithTwoBuketData -->
  <system-out/>
  <testcase classname="com.telemarket.test.DistributeDataTest" name="clickStatusBerhasilWithThreeBuketData" time="0.000">
    <skipped/>
  </testcase> <!-- clickStatusBerhasilWithThreeBuketData -->
  <system-out/>
  <testcase classname="com.telemarket.test.DistributeDataTest" name="clickStatusCallBackWithBuketDataNull" time="0.000">
    <skipped/>
  </testcase> <!-- clickStatusCallBackWithBuketDataNull -->
  <system-out/>
  <testcase classname="com.telemarket.test.DistributeDataTest" name="clickStatusCallBackWithOneBuketData" time="0.000">
    <skipped/>
  </testcase> <!-- clickStatusCallBackWithOneBuketData -->
  <system-out/>
  <testcase classname="com.telemarket.test.DistributeDataTest" name="clickStatusCallBackWithTwoBuketData" time="0.000">
    <skipped/>
  </testcase> <!-- clickStatusCallBackWithTwoBuketData -->
  <system-out/>
  <testcase classname="com.telemarket.test.DistributeDataTest" name="clickStatusCallBackWithThreeBuketData" time="0.000">
    <skipped/>
  </testcase> <!-- clickStatusCallBackWithThreeBuketData -->
  <system-out/>
  <testcase classname="com.telemarket.test.DistributeDataTest" name="clickStatusCustomerNotAvailableWithBuketDataNull" time="0.001">
    <skipped/>
  </testcase> <!-- clickStatusCustomerNotAvailableWithBuketDataNull -->
  <system-out/>
  <testcase classname="com.telemarket.test.DistributeDataTest" name="clickStatusCustomerNotAvailableWithOneBuketData" time="0.001">
    <skipped/>
  </testcase> <!-- clickStatusCustomerNotAvailableWithOneBuketData -->
  <system-out/>
  <testcase classname="com.telemarket.test.DistributeDataTest" name="clickStatusCustomerNotAvailableWithTwoBuketData" time="0.000">
    <skipped/>
  </testcase> <!-- clickStatusCustomerNotAvailableWithTwoBuketData -->
  <system-out/>
  <testcase classname="com.telemarket.test.DistributeDataTest" name="clickStatusCustomerNotAvailableWithThreeBuketData" time="0.001">
    <skipped/>
  </testcase> <!-- clickStatusCustomerNotAvailableWithThreeBuketData -->
  <system-out/>
  <testcase classname="com.telemarket.test.DistributeDataTest" name="clickStatusDisagreeWithBuketDataNull" time="0.001">
    <skipped/>
  </testcase> <!-- clickStatusDisagreeWithBuketDataNull -->
  <system-out/>
  <testcase classname="com.telemarket.test.DistributeDataTest" name="clickStatusDisagreeWithOneBuketData" time="0.000">
    <skipped/>
  </testcase> <!-- clickStatusDisagreeWithOneBuketData -->
  <system-out/>
  <testcase classname="com.telemarket.test.DistributeDataTest" name="clickStatusDisagreeWithTwoBuketData" time="0.001">
    <skipped/>
  </testcase> <!-- clickStatusDisagreeWithTwoBuketData -->
  <system-out/>
  <testcase classname="com.telemarket.test.DistributeDataTest" name="clickStatusDisagreeWithThreeBuketData" time="0.000">
    <skipped/>
  </testcase> <!-- clickStatusDisagreeWithThreeBuketData -->
  <system-out/>
  <testcase classname="com.telemarket.test.DistributeDataTest" name="clickStatusFollowupWithBuketDataNull" time="0.000">
    <skipped/>
  </testcase> <!-- clickStatusFollowupWithBuketDataNull -->
  <system-out/>
  <testcase classname="com.telemarket.test.DistributeDataTest" name="clickStatusFollowupWithOneBuketData" time="0.000">
    <skipped/>
  </testcase> <!-- clickStatusFollowupWithOneBuketData -->
  <system-out/>
  <testcase classname="com.telemarket.test.DistributeDataTest" name="clickStatusFollowupWithTwoBuketData" time="0.000">
    <skipped/>
  </testcase> <!-- clickStatusFollowupWithTwoBuketData -->
  <system-out/>
  <testcase classname="com.telemarket.test.DistributeDataTest" name="clickStatusFollowupWithThreeBuketData" time="0.000">
    <skipped/>
  </testcase> <!-- clickStatusFollowupWithThreeBuketData -->
  <system-out/>
  <testcase classname="com.telemarket.test.DistributeDataTest" name="clickStatusInvalidNumberWithBuketDataNull" time="0.000">
    <skipped/>
  </testcase> <!-- clickStatusInvalidNumberWithBuketDataNull -->
  <system-out/>
  <testcase classname="com.telemarket.test.DistributeDataTest" name="clickStatusInvalidNumberWithOneBuketData" time="0.000">
    <skipped/>
  </testcase> <!-- clickStatusInvalidNumberWithOneBuketData -->
  <system-out/>
  <testcase classname="com.telemarket.test.DistributeDataTest" name="clickStatusInvalidNumberWithTwoBuketData" time="0.001">
    <skipped/>
  </testcase> <!-- clickStatusInvalidNumberWithTwoBuketData -->
  <system-out/>
  <testcase classname="com.telemarket.test.DistributeDataTest" name="clickStatusInvalidNumberWithThreeBuketData" time="0.000">
    <skipped/>
  </testcase> <!-- clickStatusInvalidNumberWithThreeBuketData -->
  <system-out/>
  <testcase classname="com.telemarket.test.DistributeDataTest" name="clickStatusMailboxWithBuketDataNull" time="0.001">
    <skipped/>
  </testcase> <!-- clickStatusMailboxWithBuketDataNull -->
  <system-out/>
  <testcase classname="com.telemarket.test.DistributeDataTest" name="clickStatusMailboxWithOneBuketData" time="0.000">
    <skipped/>
  </testcase> <!-- clickStatusMailboxWithOneBuketData -->
  <system-out/>
  <testcase classname="com.telemarket.test.DistributeDataTest" name="clickStatusMailboxWithTwoBuketData" time="0.000">
    <skipped/>
  </testcase> <!-- clickStatusMailboxWithTwoBuketData -->
  <system-out/>
  <testcase classname="com.telemarket.test.DistributeDataTest" name="clickStatusMailboxWithThreeBuketData" time="0.000">
    <skipped/>
  </testcase> <!-- clickStatusMailboxWithThreeBuketData -->
  <system-out/>
  <testcase classname="com.telemarket.test.DistributeDataTest" name="clickStatusMissCustomerWithBuketDataNull" time="0.001">
    <skipped/>
  </testcase> <!-- clickStatusMissCustomerWithBuketDataNull -->
  <system-out/>
  <testcase classname="com.telemarket.test.DistributeDataTest" name="clickStatusMissCustomerWithOneBuketData" time="0.000">
    <skipped/>
  </testcase> <!-- clickStatusMissCustomerWithOneBuketData -->
  <system-out/>
  <testcase classname="com.telemarket.test.DistributeDataTest" name="clickStatusMissCustomerWithTwoBuketData" time="0.000">
    <skipped/>
  </testcase> <!-- clickStatusMissCustomerWithTwoBuketData -->
  <system-out/>
  <testcase classname="com.telemarket.test.DistributeDataTest" name="clickStatusMissCustomerWithThreeBuketData" time="0.000">
    <skipped/>
  </testcase> <!-- clickStatusMissCustomerWithThreeBuketData -->
  <system-out/>
  <testcase classname="com.telemarket.test.DistributeDataTest" name="clickStatusNoBodyPickupWithBuketDataNull" time="0.000">
    <skipped/>
  </testcase> <!-- clickStatusNoBodyPickupWithBuketDataNull -->
  <system-out/>
  <testcase classname="com.telemarket.test.DistributeDataTest" name="clickStatusNoBodyPickUpWithOneBuketData" time="0.002">
    <skipped/>
  </testcase> <!-- clickStatusNoBodyPickUpWithOneBuketData -->
  <system-out/>
  <testcase classname="com.telemarket.test.DistributeDataTest" name="clickStatusNoBodyPickUpWithTwoBuketData" time="0.000">
    <skipped/>
  </testcase> <!-- clickStatusNoBodyPickUpWithTwoBuketData -->
  <system-out/>
  <testcase classname="com.telemarket.test.DistributeDataTest" name="clickStatusNoBodyPickUpWithThreeBuketData" time="0.001">
    <skipped/>
  </testcase> <!-- clickStatusNoBodyPickUpWithThreeBuketData -->
  <system-out/>
  <testcase classname="com.telemarket.test.DistributeDataTest" name="clickStatusNomerSalahWithBuketDataNull" time="0.000">
    <skipped/>
  </testcase> <!-- clickStatusNomerSalahWithBuketDataNull -->
  <system-out/>
  <testcase classname="com.telemarket.test.DistributeDataTest" name="clickStatusNomerSalahWithOneBuketData" time="0.000">
    <skipped/>
  </testcase> <!-- clickStatusNomerSalahWithOneBuketData -->
  <system-out/>
  <testcase classname="com.telemarket.test.DistributeDataTest" name="clickStatusNomerSalahWithTwoBuketData" time="0.000">
    <skipped/>
  </testcase> <!-- clickStatusNomerSalahWithTwoBuketData -->
  <system-out/>
  <testcase classname="com.telemarket.test.DistributeDataTest" name="clickStatusNomerSalahWithThreeBuketData" time="0.001">
    <skipped/>
  </testcase> <!-- clickStatusNomerSalahWithThreeBuketData -->
  <system-out/>
  <testcase classname="com.telemarket.test.DistributeDataTest" name="clickStatusSalahSambungWithBuketDataNull" time="0.000">
    <skipped/>
  </testcase> <!-- clickStatusSalahSambungWithBuketDataNull -->
  <system-out/>
  <testcase classname="com.telemarket.test.DistributeDataTest" name="clickStatusSalahSambungWithOneBuketData" time="0.000">
    <skipped/>
  </testcase> <!-- clickStatusSalahSambungWithOneBuketData -->
  <system-out/>
  <testcase classname="com.telemarket.test.DistributeDataTest" name="clickStatusSalahSambungWithTwoBuketData" time="0.000">
    <skipped/>
  </testcase> <!-- clickStatusSalahSambungWithTwoBuketData -->
  <system-out/>
  <testcase classname="com.telemarket.test.DistributeDataTest" name="clickStatusSalahSambungWithThreeBuketData" time="0.001">
    <skipped/>
  </testcase> <!-- clickStatusSalahSambungWithThreeBuketData -->
  <system-out/>
  <testcase classname="com.telemarket.test.DistributeDataTest" name="clickStatusSetujuWithBuketDataNull" time="0.000">
    <skipped/>
  </testcase> <!-- clickStatusSetujuWithBuketDataNull -->
  <system-out/>
  <testcase classname="com.telemarket.test.DistributeDataTest" name="clickStatusSetujuWithOneBuketData" time="0.001">
    <skipped/>
  </testcase> <!-- clickStatusSetujuWithOneBuketData -->
  <system-out/>
  <testcase classname="com.telemarket.test.DistributeDataTest" name="clickStatusSetujuWithTwoBuketData" time="0.000">
    <skipped/>
  </testcase> <!-- clickStatusSetujuWithTwoBuketData -->
  <system-out/>
  <testcase classname="com.telemarket.test.DistributeDataTest" name="clickStatusSetujuWithThreeBuketData" time="0.000">
    <skipped/>
  </testcase> <!-- clickStatusSetujuWithThreeBuketData -->
  <system-out/>
  <testcase classname="com.telemarket.test.DistributeDataTest" name="clickStatusTelponNotRegisterWithBuketDataNull" time="0.001">
    <skipped/>
  </testcase> <!-- clickStatusTelponNotRegisterWithBuketDataNull -->
  <system-out/>
  <testcase classname="com.telemarket.test.DistributeDataTest" name="clickStatusTelponNotRegisterWithOneBuketData" time="0.001">
    <skipped/>
  </testcase> <!-- clickStatusTelponNotRegisterWithOneBuketData -->
  <system-out/>
  <testcase classname="com.telemarket.test.DistributeDataTest" name="clickStatusTelponNotRegisterWithTwoBuketData" time="0.000">
    <skipped/>
  </testcase> <!-- clickStatusTelponNotRegisterWithTwoBuketData -->
  <system-out/>
  <testcase classname="com.telemarket.test.DistributeDataTest" name="clickStatusTelponNotRegisterWithThreeBuketData" time="0.001">
    <skipped/>
  </testcase> <!-- clickStatusTelponNotRegisterWithThreeBuketData -->
  <system-out/>
  <testcase classname="com.telemarket.test.DistributeDataTest" name="clickStatusThinkingWithBuketDataNull" time="0.000">
    <skipped/>
  </testcase> <!-- clickStatusThinkingWithBuketDataNull -->
  <system-out/>
  <testcase classname="com.telemarket.test.DistributeDataTest" name="clickStatusThinkingWithOneBuketData" time="0.000">
    <skipped/>
  </testcase> <!-- clickStatusThinkingWithOneBuketData -->
  <system-out/>
  <testcase classname="com.telemarket.test.DistributeDataTest" name="clickStatusThinkingWithTwoBuketData" time="0.000">
    <skipped/>
  </testcase> <!-- clickStatusThinkingWithTwoBuketData -->
  <system-out/>
  <testcase classname="com.telemarket.test.DistributeDataTest" name="clickStatusThinkingWithThreeBuketData" time="0.000">
    <skipped/>
  </testcase> <!-- clickStatusThinkingWithThreeBuketData -->
  <system-out/>
  <testcase classname="com.telemarket.test.DistributeDataTest" name="clickStatusTidakAdaNomorTeleponWithBuketDataNull" time="0.000">
    <skipped/>
  </testcase> <!-- clickStatusTidakAdaNomorTeleponWithBuketDataNull -->
  <system-out/>
  <testcase classname="com.telemarket.test.DistributeDataTest" name="clickStatusTidakAdaNomorTeleponWithOneBuketData" time="0.000">
    <skipped/>
  </testcase> <!-- clickStatusTidakAdaNomorTeleponWithOneBuketData -->
  <system-out/>
  <testcase classname="com.telemarket.test.DistributeDataTest" name="clickStatusTidakAdaNomorTeleponWithTwoBuketData" time="0.000">
    <skipped/>
  </testcase> <!-- clickStatusTidakAdaNomorTeleponWithTwoBuketData -->
  <system-out/>
  <testcase classname="com.telemarket.test.DistributeDataTest" name="clickStatusTidakAdaNomorTeleponWithThreeBuketData" time="0.001">
    <skipped/>
  </testcase> <!-- clickStatusTidakAdaNomorTeleponWithThreeBuketData -->
  <system-out/>
  <testcase classname="com.telemarket.test.DistributeDataTest" name="clickStatusTidakBerhasilWithBuketDataNull" time="0.000">
    <skipped/>
  </testcase> <!-- clickStatusTidakBerhasilWithBuketDataNull -->
  <system-out/>
  <testcase classname="com.telemarket.test.DistributeDataTest" name="clickStatusTidakBerhasilWithOneBuketData" time="0.000">
    <skipped/>
  </testcase> <!-- clickStatusTidakBerhasilWithOneBuketData -->
  <system-out/>
  <testcase classname="com.telemarket.test.DistributeDataTest" name="clickStatusTidakBerhasilWithTwoBuketData" time="0.000">
    <skipped/>
  </testcase> <!-- clickStatusTidakBerhasilWithTwoBuketData -->
  <system-out/>
  <testcase classname="com.telemarket.test.DistributeDataTest" name="clickStatusTidakBerhasilWithThreeBuketData" time="0.000">
    <skipped/>
  </testcase> <!-- clickStatusTidakBerhasilWithThreeBuketData -->
  <system-out/>
  <testcase classname="com.telemarket.test.DistributeDataTest" name="clickStatusTidakDiangkatWithBuketDataNull" time="0.001">
    <skipped/>
  </testcase> <!-- clickStatusTidakDiangkatWithBuketDataNull -->
  <system-out/>
  <testcase classname="com.telemarket.test.DistributeDataTest" name="clickStatusTidakDiangkatWithOneBuketData" time="0.001">
    <skipped/>
  </testcase> <!-- clickStatusTidakDiangkatWithOneBuketData -->
  <system-out/>
  <testcase classname="com.telemarket.test.DistributeDataTest" name="clickStatusTidakDiangkatWithTwoBuketData" time="0.000">
    <skipped/>
  </testcase> <!-- clickStatusTidakDiangkatWithTwoBuketData -->
  <system-out/>
  <testcase classname="com.telemarket.test.DistributeDataTest" name="clickStatusTidakDiangkatWithThreeBuketData" time="0.000">
    <skipped/>
  </testcase> <!-- clickStatusTidakDiangkatWithThreeBuketData -->
  <system-out/>
  <testcase classname="com.telemarket.test.DistributeDataTest" name="clickStatusTidakTerdaftarWithBuketDataNull" time="0.000">
    <skipped/>
  </testcase> <!-- clickStatusTidakTerdaftarWithBuketDataNull -->
  <system-out/>
  <testcase classname="com.telemarket.test.DistributeDataTest" name="clickStatusTidakTerdaftarWithOneBuketData" time="0.001">
    <skipped/>
  </testcase> <!-- clickStatusTidakTerdaftarWithOneBuketData -->
  <system-out/>
  <testcase classname="com.telemarket.test.DistributeDataTest" name="clickStatusTidakTerdaftarWithTwoBuketData" time="0.000">
    <skipped/>
  </testcase> <!-- clickStatusTidakTerdaftarWithTwoBuketData -->
  <system-out/>
  <testcase classname="com.telemarket.test.DistributeDataTest" name="clickStatusTidakTerdaftarWithThreeBuketData" time="0.000">
    <skipped/>
  </testcase> <!-- clickStatusTidakTerdaftarWithThreeBuketData -->
  <system-out/>
  <testcase classname="com.telemarket.test.DistributeDataTest" name="clickStatusTolakWithBuketDataNull" time="0.000">
    <skipped/>
  </testcase> <!-- clickStatusTolakWithBuketDataNull -->
  <system-out/>
  <testcase classname="com.telemarket.test.DistributeDataTest" name="clickStatusTolakWithOneBuketData" time="0.000">
    <skipped/>
  </testcase> <!-- clickStatusTolakWithOneBuketData -->
  <system-out/>
  <testcase classname="com.telemarket.test.DistributeDataTest" name="clickStatusTolakWithTwoBuketData" time="0.000">
    <skipped/>
  </testcase> <!-- clickStatusTolakWithTwoBuketData -->
  <system-out/>
  <testcase classname="com.telemarket.test.DistributeDataTest" name="clickStatusTolakWithThreeBuketData" time="0.000">
    <skipped/>
  </testcase> <!-- clickStatusTolakWithThreeBuketData -->
  <system-out/>
  <testcase classname="com.telemarket.test.DistributeDataTest" name="clickStatusWrongNumberWithBuketDataNull" time="0.000">
    <skipped/>
  </testcase> <!-- clickStatusWrongNumberWithBuketDataNull -->
  <system-out/>
  <testcase classname="com.telemarket.test.DistributeDataTest" name="clickStatusWrongNumberWithOneBuketData" time="0.000">
    <skipped/>
  </testcase> <!-- clickStatusWrongNumberWithOneBuketData -->
  <system-out/>
  <testcase classname="com.telemarket.test.DistributeDataTest" name="clickStatusWrongNumberWithTwoBuketData" time="0.000">
    <skipped/>
  </testcase> <!-- clickStatusWrongNumberWithTwoBuketData -->
  <system-out/>
  <testcase classname="com.telemarket.test.DistributeDataTest" name="clickStatusWrongNumberWithThreeBuketData" time="0.000">
    <skipped/>
  </testcase> <!-- clickStatusWrongNumberWithThreeBuketData -->
  <system-out/>
  <testcase classname="com.telemarket.test.DistributeDataTest" name="clickStatusNewWithAllBuketData" time="0.000">
    <skipped/>
  </testcase> <!-- clickStatusNewWithAllBuketData -->
  <system-out/>
  <testcase classname="com.telemarket.test.DistributeDataTest" name="clickStatusAgreeWithAllBuketData" time="0.001">
    <skipped/>
  </testcase> <!-- clickStatusAgreeWithAllBuketData -->
  <system-out/>
  <testcase classname="com.telemarket.test.DistributeDataTest" name="clickStatusBerhasilWithAllBuketData" time="0.000">
    <skipped/>
  </testcase> <!-- clickStatusBerhasilWithAllBuketData -->
  <system-out/>
  <testcase classname="com.telemarket.test.DistributeDataTest" name="clickStatusCallBackWithAllBuketData" time="0.000">
    <skipped/>
  </testcase> <!-- clickStatusCallBackWithAllBuketData -->
  <system-out/>
  <testcase classname="com.telemarket.test.DistributeDataTest" name="clickStatusCustNotAvailWithAllBuketData" time="0.000">
    <skipped/>
  </testcase> <!-- clickStatusCustNotAvailWithAllBuketData -->
  <system-out/>
  <testcase classname="com.telemarket.test.DistributeDataTest" name="clickStatusDisagreeWithAllBuketData" time="0.001">
    <skipped/>
  </testcase> <!-- clickStatusDisagreeWithAllBuketData -->
  <system-out/>
  <testcase classname="com.telemarket.test.DistributeDataTest" name="clickStatusFollowupWithAllBuketData" time="0.001">
    <skipped/>
  </testcase> <!-- clickStatusFollowupWithAllBuketData -->
  <system-out/>
  <testcase classname="com.telemarket.test.DistributeDataTest" name="clickStatusInvalidNumberWithAllBuketData" time="0.000">
    <skipped/>
  </testcase> <!-- clickStatusInvalidNumberWithAllBuketData -->
  <system-out/>
  <testcase classname="com.telemarket.test.DistributeDataTest" name="clickStatusMailboxWithAllBuketData" time="0.000">
    <skipped/>
  </testcase> <!-- clickStatusMailboxWithAllBuketData -->
  <system-out/>
  <testcase classname="com.telemarket.test.DistributeDataTest" name="clickStatusMissCustomerWithAllBuketData" time="0.000">
    <skipped/>
  </testcase> <!-- clickStatusMissCustomerWithAllBuketData -->
  <system-out/>
  <testcase classname="com.telemarket.test.DistributeDataTest" name="clickStatusNoBodyPickupWithAllBuketData" time="0.000">
    <skipped/>
  </testcase> <!-- clickStatusNoBodyPickupWithAllBuketData -->
  <system-out/>
  <testcase classname="com.telemarket.test.DistributeDataTest" name="clickStatusNomerSalahWithAllBuketData" time="0.000">
    <skipped/>
  </testcase> <!-- clickStatusNomerSalahWithAllBuketData -->
  <system-out/>
  <testcase classname="com.telemarket.test.DistributeDataTest" name="clickStatusSalahSambungWithAllBuketData" time="0.000">
    <skipped/>
  </testcase> <!-- clickStatusSalahSambungWithAllBuketData -->
  <system-out/>
  <testcase classname="com.telemarket.test.DistributeDataTest" name="clickStatusSetujuWithAllBuketData" time="0.000">
    <skipped/>
  </testcase> <!-- clickStatusSetujuWithAllBuketData -->
  <system-out/>
  <testcase classname="com.telemarket.test.DistributeDataTest" name="clickStatusTelponNotRegisterWithAllBuketData" time="0.000">
    <skipped/>
  </testcase> <!-- clickStatusTelponNotRegisterWithAllBuketData -->
  <system-out/>
  <testcase classname="com.telemarket.test.DistributeDataTest" name="clickStatusThinkingWithAllBuketData" time="0.000">
    <skipped/>
  </testcase> <!-- clickStatusThinkingWithAllBuketData -->
  <system-out/>
  <testcase classname="com.telemarket.test.DistributeDataTest" name="clickStatusTidakAdaNomorTeleponWithAllBuketData" time="0.000">
    <skipped/>
  </testcase> <!-- clickStatusTidakAdaNomorTeleponWithAllBuketData -->
  <system-out/>
  <testcase classname="com.telemarket.test.DistributeDataTest" name="clickStatusTidakBerhasilWithAllBuketData" time="0.000">
    <skipped/>
  </testcase> <!-- clickStatusTidakBerhasilWithAllBuketData -->
  <system-out/>
  <testcase classname="com.telemarket.test.DistributeDataTest" name="clickStatusTidakTerdaftarWithAllBuketData" time="0.000">
    <skipped/>
  </testcase> <!-- clickStatusTidakTerdaftarWithAllBuketData -->
  <system-out/>
  <testcase classname="com.telemarket.test.DistributeDataTest" name="clickStatusTolakWithAllBuketData" time="0.000">
    <skipped/>
  </testcase> <!-- clickStatusTolakWithAllBuketData -->
  <system-out/>
  <testcase classname="com.telemarket.test.DistributeDataTest" name="clickStatusWrongNumberWithAllBuketData" time="0.000">
    <skipped/>
  </testcase> <!-- clickStatusWrongNumberWithAllBuketData -->
  <system-out/>
  <testcase classname="com.telemarket.test.DistributeDataTest" name="clickStatusNewWithOneBuketData" time="0.000">
    <skipped/>
  </testcase> <!-- clickStatusNewWithOneBuketData -->
  <system-out/>
  <testcase classname="com.telemarket.test.DistributeDataTest" name="testButtonPage" time="0.000">
    <skipped/>
  </testcase> <!-- testButtonPage -->
  <system-out/>
</testsuite> <!-- com.telemarket.test.DistributeDataTest -->
