<?xml version="1.0" encoding="UTF-8"?>
<!-- Generated by org.testng.reporters.JUnitReportReporter -->
<testsuite hostname="DESKTOP-0MGR9KI" failures="0" tests="6" name="com.telemarket.pom.task.LoginTest" time="34.594" errors="0" timestamp="2022-07-05T14:47:49 ICT" skipped="0">
  <testcase classname="com.telemarket.pom.task.LoginTest" name="test_login_username_valid_password_valid" time="8.536"/>
  <system-out>
    <![CDATA[<img src='file://D:\selenium-workspace\TLMKT\TELEMARKETING\hasilScreenshot\20220705_144720.png'height="450" width="1017"/>]]>
  </system-out>
  <testcase classname="com.telemarket.pom.task.LoginTest" name="test_login_username_valid_password_invalid" time="2.916"/>
  <system-out>
    <![CDATA[<img src='file://D:\selenium-workspace\TLMKT\TELEMARKETING\hasilScreenshot\20220705_144725.png'height="450" width="1017"/>]]>
  </system-out>
  <testcase classname="com.telemarket.pom.task.LoginTest" name="test_login_username_invalid_password_invalid" time="2.903"/>
  <system-out>
    <![CDATA[<img src='file://D:\selenium-workspace\TLMKT\TELEMARKETING\hasilScreenshot\20220705_144728.png'height="450" width="1017"/>]]>
  </system-out>
  <testcase classname="com.telemarket.pom.task.LoginTest" name="test_login_username_empty_password_empty" time="3.080"/>
  <system-out>
    <![CDATA[<img src='file://D:\selenium-workspace\TLMKT\TELEMARKETING\hasilScreenshot\20220705_144731.png'height="450" width="1017"/>]]>
  </system-out>
  <testcase classname="com.telemarket.pom.task.LoginTest" name="testLogin_usernameAndPasswordValid_clickGreenUsername" time="8.699"/>
  <system-out>
    <![CDATA[<img src='file://D:\selenium-workspace\TLMKT\TELEMARKETING\hasilScreenshot\20220705_144737.png'height="450" width="1017"/>]]>
  </system-out>
  <testcase classname="com.telemarket.pom.task.LoginTest" name="testLogin_usernameAndPasswordValid_clickGreenPassword" time="8.460"/>
  <system-out>
    <![CDATA[<img src='file://D:\selenium-workspace\TLMKT\TELEMARKETING\hasilScreenshot\20220705_144746.png'height="450" width="1017"/>]]>
  </system-out>
</testsuite> <!-- com.telemarket.pom.task.LoginTest -->
