<?xml version="1.0" encoding="UTF-8"?>
<!-- Generated by org.testng.reporters.JUnitReportReporter -->
<testsuite hostname="LAPTOP-O6UDEKEP" failures="0" tests="2" name="com.telemarket.definitions.DataUploadDefinitions" time="37.841" errors="0" timestamp="2022-07-05T15:06:12 ICT" skipped="0">
  <testcase classname="com.telemarket.definitions.DataUploadDefinitions" name="test_show_login_page" time="4.480"/>
  <system-out/>
  <testcase classname="com.telemarket.definitions.DataUploadDefinitions" name="clickDataMenu" time="33.361"/>
  <system-out/>
</testsuite> <!-- com.telemarket.definitions.DataUploadDefinitions -->
