<?xml version="1.0" encoding="UTF-8"?>
<!-- Generated by org.testng.reporters.JUnitReportReporter -->
<testsuite hostname="LAPTOP-O6UDEKEP" failures="0" tests="5" name="com.telemarket.test.UserUpdatePasswordTest" time="73.061" errors="0" timestamp="2022-07-11T10:35:40 ICT" skipped="0">
  <testcase classname="com.telemarket.test.UserUpdatePasswordTest" name="updatePassAgentNull" time="17.790"/>
  <system-out/>
  <testcase classname="com.telemarket.test.UserUpdatePasswordTest" name="updatePassNumber" time="13.762"/>
  <system-out/>
  <testcase classname="com.telemarket.test.UserUpdatePasswordTest" name="updatePassString" time="13.739"/>
  <system-out/>
  <testcase classname="com.telemarket.test.UserUpdatePasswordTest" name="updatePassSpecialChar" time="13.901"/>
  <system-out/>
  <testcase classname="com.telemarket.test.UserUpdatePasswordTest" name="checkButtonUpdatePage" time="13.869"/>
  <system-out/>
</testsuite> <!-- com.telemarket.test.UserUpdatePasswordTest -->
