<?xml version="1.0" encoding="UTF-8"?>
<!-- Generated by org.testng.reporters.JUnitReportReporter -->
<testsuite hostname="LAPTOP-O6UDEKEP" failures="0" tests="4" name="com.telemarket.definitions.EditDataDefinitions" time="48.658" errors="0" timestamp="2022-07-05T15:07:36 ICT" skipped="0">
  <testcase classname="com.telemarket.definitions.EditDataDefinitions" name="test_show_login_page" time="4.188"/>
  <system-out/>
  <testcase classname="com.telemarket.definitions.EditDataDefinitions" name="test_search_valid" time="14.641"/>
  <system-out/>
  <testcase classname="com.telemarket.definitions.EditDataDefinitions" name="test_search_valid" time="14.820"/>
  <system-out/>
  <testcase classname="com.telemarket.definitions.EditDataDefinitions" name="test_search_valid" time="15.009"/>
  <system-out/>
</testsuite> <!-- com.telemarket.definitions.EditDataDefinitions -->
