<?xml version="1.0" encoding="UTF-8"?>
<!-- Generated by org.testng.reporters.JUnitReportReporter -->
<testsuite hostname="LAPTOP-O6UDEKEP" failures="0" tests="7" name="com.telemarket.test.UserUpdatePasswordAndDeleteUserTest" time="124.038" errors="0" timestamp="2022-07-13T12:02:57 ICT" skipped="0">
  <testcase classname="com.telemarket.test.UserUpdatePasswordAndDeleteUserTest" name="updatePassAgentNull" time="22.174"/>
  <system-out/>
  <testcase classname="com.telemarket.test.UserUpdatePasswordAndDeleteUserTest" name="updatePassNumber" time="18.371"/>
  <system-out/>
  <testcase classname="com.telemarket.test.UserUpdatePasswordAndDeleteUserTest" name="updatePassString" time="18.370"/>
  <system-out/>
  <testcase classname="com.telemarket.test.UserUpdatePasswordAndDeleteUserTest" name="updatePassSpecialChar" time="18.505"/>
  <system-out/>
  <testcase classname="com.telemarket.test.UserUpdatePasswordAndDeleteUserTest" name="checkButtonUpdatePage" time="18.392"/>
  <system-out/>
  <testcase classname="com.telemarket.test.UserUpdatePasswordAndDeleteUserTest" name="deleteUser" time="14.179"/>
  <system-out/>
  <testcase classname="com.telemarket.test.UserUpdatePasswordAndDeleteUserTest" name="cancelDeleteUser" time="14.047"/>
  <system-out/>
</testsuite> <!-- com.telemarket.test.UserUpdatePasswordAndDeleteUserTest -->
