<?xml version="1.0" encoding="UTF-8"?>
<!-- Generated by org.testng.reporters.JUnitReportReporter -->
<testsuite hostname="LAPTOP-O6UDEKEP" failures="0" tests="3" name="com.telemarket.test.DataUploadTest" time="134.519" errors="0" timestamp="2022-07-13T10:33:29 ICT" skipped="0">
  <testcase classname="com.telemarket.test.DataUploadTest" name="uploadData" time="60.770"/>
  <system-out/>
  <testcase classname="com.telemarket.test.DataUploadTest" name="clickDataMenuIfDataisAnotherFormat" time="34.099"/>
  <system-out/>
  <testcase classname="com.telemarket.test.DataUploadTest" name="clickButtonStep" time="39.650"/>
  <system-out/>
</testsuite> <!-- com.telemarket.test.DataUploadTest -->
