<?xml version="1.0" encoding="UTF-8"?>
<!-- Generated by org.testng.reporters.JUnitReportReporter -->
<testsuite hostname="LAPTOP-O6UDEKEP" failures="0" tests="14" name="com.telemarket.test.DistributeDataToAgentTest" time="309.874" errors="0" timestamp="2022-07-13T10:33:29 ICT" skipped="0">
  <testcase classname="com.telemarket.test.DistributeDataToAgentTest" name="AgentNullWithFieldJumlahAndStatusExisting" time="18.236"/>
  <system-out/>
  <testcase classname="com.telemarket.test.DistributeDataToAgentTest" name="AgentWithFieldJumlahNullAndStatusExisting" time="20.854"/>
  <system-out/>
  <testcase classname="com.telemarket.test.DistributeDataToAgentTest" name="OneAgentWithFieldJumlahAndStatusExisting" time="22.196"/>
  <system-out/>
  <testcase classname="com.telemarket.test.DistributeDataToAgentTest" name="OneAgentWithFieldJumlahStringAndStatusExisting" time="21.084"/>
  <system-out/>
  <testcase classname="com.telemarket.test.DistributeDataToAgentTest" name="OneAgentWithFieldJumlahSpecialCharAndStatusExisting" time="21.289"/>
  <system-out/>
  <testcase classname="com.telemarket.test.DistributeDataToAgentTest" name="TwoAgentWithFieldJumlahAndStatusExisting" time="22.156"/>
  <system-out/>
  <testcase classname="com.telemarket.test.DistributeDataToAgentTest" name="AllAgentWithFieldJumlahAndStatusExisting" time="22.752"/>
  <system-out/>
  <testcase classname="com.telemarket.test.DistributeDataToAgentTest" name="AgentWithFieldJumlahNullAndStatusNew" time="21.465"/>
  <system-out/>
  <testcase classname="com.telemarket.test.DistributeDataToAgentTest" name="OneAgentWithFieldJumlahAndStatusNew" time="23.253"/>
  <system-out/>
  <testcase classname="com.telemarket.test.DistributeDataToAgentTest" name="OneAgentWithFieldJumlahStringAndStatusNew" time="22.451"/>
  <system-out/>
  <testcase classname="com.telemarket.test.DistributeDataToAgentTest" name="OneAgentWithFieldJumlahSpecialCharAndStatusNew" time="22.407"/>
  <system-out/>
  <testcase classname="com.telemarket.test.DistributeDataToAgentTest" name="TwoAgentWithFieldJumlahAndStatusNew" time="23.389"/>
  <system-out/>
  <testcase classname="com.telemarket.test.DistributeDataToAgentTest" name="AllAgentWithFieldJumlahAndStatusNew" time="23.651"/>
  <system-out/>
  <testcase classname="com.telemarket.test.DistributeDataToAgentTest" name="AllAgentWithFieldJumlahAndStatusNewNotDistribute" time="24.691"/>
  <system-out/>
</testsuite> <!-- com.telemarket.test.DistributeDataToAgentTest -->
